  .\Engine\CDevice.h
  .\Engine\CEngine.h
  .\Engine\CKeyMgr.h
  .\Engine\CPathMgr.h
  .\Engine\CSingleton.h
  .\Engine\CTest.h
  .\Engine\CTimeMgr.h
  .\Engine\define.h
  .\Engine\global.h
  .\Engine\struct.h
  10개 파일이 복사되었습니다.
  .\Engine\test.fx
  1개 파일이 복사되었습니다.
FXC : warning X4717: Effects deprecated for D3DCompiler_47
  
  //
  // FX Version: fx_5_0
  pch.cpp
  CDevice.cpp
  CEngine.cpp
  CKeyMgr.cpp
  CPathMgr.cpp
  CTest.cpp
  CTimeMgr.cpp
  Engine.cpp
  Engine.vcxproj -> D:\신중은\DirectX_1\External\Library\Engine\Engine.lib
