d:\신중은\directx_1\project\client\x64\debug\client_d.pch
d:\신중은\directx_1\project\client\x64\debug\vc143.pdb
d:\신중은\directx_1\project\client\x64\debug\vc143.idb
d:\신중은\directx_1\project\client\x64\debug\pch.obj
d:\신중은\directx_1\project\client\x64\debug\client.obj
d:\신중은\directx_1\project\client\x64\debug\client.res
d:\shinjoongeun\directx_1\project\client\x64\debug\client.obj
d:\shinjoongeun\directx_1\project\client\x64\debug\pch.obj
d:\shinjoongeun\directx_1\project\client\x64\debug\client.res
d:\shinjoongeun\directx_1\project\client\x64\debug\client_d.pch
d:\shinjoongeun\directx_1\project\client\x64\debug\vc143.idb
d:\shinjoongeun\directx_1\project\client\x64\debug\vc143.pdb
d:\shinjoongeun\directx_1\\outputfile\bin_d\client_d.pdb
d:\shinjoongeun\directx_1\project\client\x64\debug\client.tlog\cl.command.1.tlog
d:\shinjoongeun\directx_1\project\client\x64\debug\client.tlog\cl.read.1.tlog
d:\shinjoongeun\directx_1\project\client\x64\debug\client.tlog\cl.write.1.tlog
d:\shinjoongeun\directx_1\project\client\x64\debug\client.tlog\link.19876.read.1.tlog
d:\shinjoongeun\directx_1\project\client\x64\debug\client.tlog\link.19876.read.2.tlog
d:\shinjoongeun\directx_1\project\client\x64\debug\client.tlog\link.19876.write.1.tlog
d:\shinjoongeun\directx_1\project\client\x64\debug\client.tlog\link.command.1.tlog
d:\shinjoongeun\directx_1\project\client\x64\debug\client.tlog\link.read.1.tlog
d:\shinjoongeun\directx_1\project\client\x64\debug\client.tlog\link.read.2.tlog
d:\shinjoongeun\directx_1\project\client\x64\debug\client.tlog\link.write.1.tlog
d:\shinjoongeun\directx_1\project\client\x64\debug\client.tlog\rc.command.1.tlog
d:\shinjoongeun\directx_1\project\client\x64\debug\client.tlog\rc.read.1.tlog
d:\shinjoongeun\directx_1\project\client\x64\debug\client.tlog\rc.write.1.tlog
