d:\신중은\directx_1\project\engine\x64\release\engine.pch
d:\신중은\directx_1\external\library\engine\engine.pdb
d:\신중은\directx_1\project\engine\x64\release\pch.obj
d:\신중은\directx_1\project\engine\x64\release\engine.obj
d:\신중은\directx_1\project\engine\x64\release\ctransform.obj
d:\신중은\directx_1\project\engine\x64\release\ctimemgr.obj
d:\신중은\directx_1\project\engine\x64\release\ctest.obj
d:\신중은\directx_1\project\engine\x64\release\cshader.obj
d:\신중은\directx_1\project\engine\x64\release\cscript.obj
d:\신중은\directx_1\project\engine\x64\release\cresource.obj
d:\신중은\directx_1\project\engine\x64\release\cpathmgr.obj
d:\신중은\directx_1\project\engine\x64\release\cmeshrender.obj
d:\신중은\directx_1\project\engine\x64\release\cmesh.obj
d:\신중은\directx_1\project\engine\x64\release\ckeymgr.obj
d:\신중은\directx_1\project\engine\x64\release\cgraphicsshader.obj
d:\신중은\directx_1\project\engine\x64\release\cgameobject.obj
d:\신중은\directx_1\project\engine\x64\release\centity.obj
d:\신중은\directx_1\project\engine\x64\release\cengine.obj
d:\신중은\directx_1\project\engine\x64\release\cdevice.obj
d:\신중은\directx_1\project\engine\x64\release\ccomponent.obj
d:\신중은\directx_1\external\library\engine\engine.lib
d:\신중은\directx_1\project\engine\x64\release\engine.res
d:\신중은\directx_1\project\engine\x64\release\engine.tlog\cl.command.1.tlog
d:\신중은\directx_1\project\engine\x64\release\engine.tlog\cl.read.1.tlog
d:\신중은\directx_1\project\engine\x64\release\engine.tlog\cl.write.1.tlog
d:\신중은\directx_1\project\engine\x64\release\engine.tlog\fxc.command.1.tlog
d:\신중은\directx_1\project\engine\x64\release\engine.tlog\fxc.read.1.tlog
d:\신중은\directx_1\project\engine\x64\release\engine.tlog\lib-link-cvtres.read.1.tlog
d:\신중은\directx_1\project\engine\x64\release\engine.tlog\lib-link-cvtres.write.1.tlog
d:\신중은\directx_1\project\engine\x64\release\engine.tlog\lib.command.1.tlog
d:\신중은\directx_1\project\engine\x64\release\engine.tlog\rc.command.1.tlog
d:\신중은\directx_1\project\engine\x64\release\engine.tlog\rc.read.1.tlog
d:\신중은\directx_1\project\engine\x64\release\engine.tlog\rc.write.1.tlog
