d:\신중은\directx_1\client\x64\release\vc143.pdb
d:\신중은\directx_1\client\x64\release\client.obj
d:\신중은\directx_1\outputfile\bin\client.exe
d:\신중은\directx_1\client\x64\release\client.ipdb
d:\신중은\directx_1\outputfile\bin\client.pdb
d:\신중은\directx_1\client\x64\release\client.iobj
d:\신중은\directx_1\client\x64\release\client.res
d:\신중은\directx_1\project\client\x64\release\client.obj
d:\신중은\directx_1\project\client\x64\release\client.ipdb
d:\신중은\directx_1\project\client\x64\release\client.iobj
d:\신중은\directx_1\project\client\x64\release\client.res
d:\신중은\directx_1\project\client\x64\release\vc143.pdb
d:\신중은\directx_1\project\client\x64\release\client.tlog\cl.command.1.tlog
d:\신중은\directx_1\project\client\x64\release\client.tlog\cl.read.1.tlog
d:\신중은\directx_1\project\client\x64\release\client.tlog\cl.write.1.tlog
d:\신중은\directx_1\project\client\x64\release\client.tlog\link.command.1.tlog
d:\신중은\directx_1\project\client\x64\release\client.tlog\link.read.1.tlog
d:\신중은\directx_1\project\client\x64\release\client.tlog\link.write.1.tlog
d:\신중은\directx_1\project\client\x64\release\client.tlog\rc.command.1.tlog
d:\신중은\directx_1\project\client\x64\release\client.tlog\rc.read.1.tlog
d:\신중은\directx_1\project\client\x64\release\client.tlog\rc.write.1.tlog
