c:\users\shinjoongeun\documents\github\directx_1\project\engine\x64\debug\engine_d.pch
c:\users\shinjoongeun\documents\github\directx_1\external\library\engine\engine_d.pdb
c:\users\shinjoongeun\documents\github\directx_1\external\library\engine\engine_d.idb
c:\users\shinjoongeun\documents\github\directx_1\project\engine\x64\debug\pch.obj
c:\users\shinjoongeun\documents\github\directx_1\project\engine\x64\debug\engine.obj
c:\users\shinjoongeun\documents\github\directx_1\project\engine\x64\debug\ctransform.obj
c:\users\shinjoongeun\documents\github\directx_1\project\engine\x64\debug\ctimemgr.obj
c:\users\shinjoongeun\documents\github\directx_1\project\engine\x64\debug\ctest.obj
c:\users\shinjoongeun\documents\github\directx_1\project\engine\x64\debug\cshader.obj
c:\users\shinjoongeun\documents\github\directx_1\project\engine\x64\debug\cscript.obj
c:\users\shinjoongeun\documents\github\directx_1\project\engine\x64\debug\cresource.obj
c:\users\shinjoongeun\documents\github\directx_1\project\engine\x64\debug\cpathmgr.obj
c:\users\shinjoongeun\documents\github\directx_1\project\engine\x64\debug\cmeshrender.obj
c:\users\shinjoongeun\documents\github\directx_1\project\engine\x64\debug\cmesh.obj
c:\users\shinjoongeun\documents\github\directx_1\project\engine\x64\debug\ckeymgr.obj
c:\users\shinjoongeun\documents\github\directx_1\project\engine\x64\debug\cgraphicsshader.obj
c:\users\shinjoongeun\documents\github\directx_1\project\engine\x64\debug\cgameobject.obj
c:\users\shinjoongeun\documents\github\directx_1\project\engine\x64\debug\centity.obj
c:\users\shinjoongeun\documents\github\directx_1\project\engine\x64\debug\cengine.obj
c:\users\shinjoongeun\documents\github\directx_1\project\engine\x64\debug\cdevice.obj
c:\users\shinjoongeun\documents\github\directx_1\project\engine\x64\debug\cconstbuffer.obj
c:\users\shinjoongeun\documents\github\directx_1\project\engine\x64\debug\ccomponent.obj
c:\users\shinjoongeun\documents\github\directx_1\external\library\engine\engine_d.lib
c:\users\shinjoongeun\documents\github\directx_1\project\engine\x64\debug\engine.res
c:\users\shinjoongeun\documents\github\directx_1\project\engine\x64\debug\engine.tlog\cl.command.1.tlog
c:\users\shinjoongeun\documents\github\directx_1\project\engine\x64\debug\engine.tlog\cl.read.1.tlog
c:\users\shinjoongeun\documents\github\directx_1\project\engine\x64\debug\engine.tlog\cl.write.1.tlog
c:\users\shinjoongeun\documents\github\directx_1\project\engine\x64\debug\engine.tlog\fxc.command.1.tlog
c:\users\shinjoongeun\documents\github\directx_1\project\engine\x64\debug\engine.tlog\fxc.read.1.tlog
c:\users\shinjoongeun\documents\github\directx_1\project\engine\x64\debug\engine.tlog\lib-link-cvtres.read.1.tlog
c:\users\shinjoongeun\documents\github\directx_1\project\engine\x64\debug\engine.tlog\lib-link-cvtres.write.1.tlog
c:\users\shinjoongeun\documents\github\directx_1\project\engine\x64\debug\engine.tlog\lib.command.1.tlog
c:\users\shinjoongeun\documents\github\directx_1\project\engine\x64\debug\engine.tlog\rc.command.1.tlog
c:\users\shinjoongeun\documents\github\directx_1\project\engine\x64\debug\engine.tlog\rc.read.1.tlog
c:\users\shinjoongeun\documents\github\directx_1\project\engine\x64\debug\engine.tlog\rc.write.1.tlog
