  .\Project\Engine\CCamera.h
  .\Project\Engine\CCameraMoveScript.h
  .\Project\Engine\CComponent.h
  .\Project\Engine\CConstBuffer.h
  .\Project\Engine\CDevice.h
  .\Project\Engine\CEngine.h
  .\Project\Engine\CEntity.h
  .\Project\Engine\CGameObject.h
  .\Project\Engine\CGraphicsShader.h
  .\Project\Engine\CKeyMgr.h
  .\Project\Engine\CLayer.h
  .\Project\Engine\CLevel.h
  .\Project\Engine\CLevelMgr.h
  .\Project\Engine\CMaterial.h
  .\Project\Engine\CMesh.h
  .\Project\Engine\CMeshRender.h
  .\Project\Engine\CPathMgr.h
  .\Project\Engine\CPlayScript.h
  .\Project\Engine\CResource.h
  .\Project\Engine\CResourceMgr.h
  .\Project\Engine\CScript.h
  .\Project\Engine\CShader.h
  .\Project\Engine\CSingleton.h
  .\Project\Engine\CTexture.h
  .\Project\Engine\CTimeMgr.h
  .\Project\Engine\CTransform.h
  .\Project\Engine\define.h
  .\Project\Engine\func.h
  .\Project\Engine\global.h
  .\Project\Engine\ptr.h
  .\Project\Engine\resource.h
  .\Project\Engine\struct.h
  32개 파일이 복사되었습니다.
  .\Project\Engine\test.fx
  1개 파일이 복사되었습니다.
FXC : warning X4717: Effects deprecated for D3DCompiler_47
  
  //
  // FX Version: fx_5_0
  //
  // 2 local buffer(s)
  //
  cbuffer TRANSFORM : register(b0)
  {
      float4x4 g_matWorld;                // Offset:    0, size:   64
      float4x4 g_matView;                 // Offset:   64, size:   64
      float4x4 g_matProjection;           // Offset:  128, size:   64
  }
  
  cbuffer MATERIAL : register(b1)
  {
      int     g_int_0;                    // Offset:    0, size:    4
      int     g_int_1;                    // Offset:    4, size:    4
      int     g_int_2;                    // Offset:    8, size:    4
      int     g_int_3;                    // Offset:   12, size:    4
      float   g_float_0;                  // Offset:   16, size:    4
      float   g_float_1;                  // Offset:   20, size:    4
      float   g_float_2;                  // Offset:   24, size:    4
      float   g_float_3;                  // Offset:   28, size:    4
      float2  g_vec2_0;                   // Offset:   32, size:    8
      float2  g_vec2_1;                   // Offset:   40, size:    8
      float2  g_vec2_2;                   // Offset:   48, size:    8
      float2  g_vec2_3;                   // Offset:   56, size:    8
      float4  g_vec4_0;                   // Offset:   64, size:   16
      float4  g_vec4_1;                   // Offset:   80, size:   16
      float4  g_vec4_2;                   // Offset:   96, size:   16
      float4  g_vec4_3;                   // Offset:  112, size:   16
      float4x4 g_mat_0;                   // Offset:  128, size:   64
      float4x4 g_mat_1;                   // Offset:  192, size:   64
      float4x4 g_mat_2;                   // Offset:  256, size:   64
      float4x4 g_mat_3;                   // Offset:  320, size:   64
  }
  
  //
  // 10 local object(s)
  //
  Texture2D g_tex_0;
  Texture2D g_tex_1;
  Texture2D g_tex_2;
  Texture2D g_tex_3;
  Texture2D g_tex_4;
  Texture2D g_tex_5;
  Texture2D g_tex_6;
  Texture2D g_tex_7;
  SamplerState g_sam_0
  {
  };
  SamplerState g_sam_1
  {
  };
  
  pch.cpp
  unity_M3V0FPZQSWRTK9A1.cpp
  Engine.vcxproj -> D:\shinjoongeun\DirectX_1\External\Library\Engine\Engine_d.lib
