  Client.cpp
D:\신중은\DirectX_1\External\Include\Engine\CDevice.h(10,10): error C3646: 'm_vRenderResolution': 알 수 없는 재정의 지정자입니다.
D:\신중은\DirectX_1\External\Include\Engine\CDevice.h(10,29): error C4430: 형식 지정자가 없습니다. int로 가정합니다. 참고: C++에서는 기본 int를 지원하지 않습니다.
D:\신중은\DirectX_1\External\Include\Engine\CDevice.h(12,11): error C2143: 구문 오류: ';'이(가) '<' 앞에 없습니다.
D:\신중은\DirectX_1\External\Include\Engine\CDevice.h(12,11): error C4430: 형식 지정자가 없습니다. int로 가정합니다. 참고: C++에서는 기본 int를 지원하지 않습니다.
D:\신중은\DirectX_1\External\Include\Engine\CDevice.h(12,34): error C2238: ';' 앞에 예기치 않은 토큰이 있습니다.
D:\신중은\DirectX_1\External\Include\Engine\CDevice.h(13,11): error C2143: 구문 오류: ';'이(가) '<' 앞에 없습니다.
D:\신중은\DirectX_1\External\Include\Engine\CDevice.h(13,11): error C4430: 형식 지정자가 없습니다. int로 가정합니다. 참고: C++에서는 기본 int를 지원하지 않습니다.
D:\신중은\DirectX_1\External\Include\Engine\CDevice.h(13,42): error C2238: ';' 앞에 예기치 않은 토큰이 있습니다.
D:\신중은\DirectX_1\External\Include\Engine\CDevice.h(14,11): error C2143: 구문 오류: ';'이(가) '<' 앞에 없습니다.
D:\신중은\DirectX_1\External\Include\Engine\CDevice.h(14,11): error C4430: 형식 지정자가 없습니다. int로 가정합니다. 참고: C++에서는 기본 int를 지원하지 않습니다.
D:\신중은\DirectX_1\External\Include\Engine\CDevice.h(14,39): error C2238: ';' 앞에 예기치 않은 토큰이 있습니다.
D:\신중은\DirectX_1\External\Include\Engine\CDevice.h(15,11): error C2143: 구문 오류: ';'이(가) '<' 앞에 없습니다.
D:\신중은\DirectX_1\External\Include\Engine\CDevice.h(15,11): error C4430: 형식 지정자가 없습니다. int로 가정합니다. 참고: C++에서는 기본 int를 지원하지 않습니다.
D:\신중은\DirectX_1\External\Include\Engine\CDevice.h(15,36): error C2238: ';' 앞에 예기치 않은 토큰이 있습니다.
D:\신중은\DirectX_1\External\Include\Engine\CDevice.h(16,11): error C2143: 구문 오류: ';'이(가) '<' 앞에 없습니다.
D:\신중은\DirectX_1\External\Include\Engine\CDevice.h(16,11): error C4430: 형식 지정자가 없습니다. int로 가정합니다. 참고: C++에서는 기본 int를 지원하지 않습니다.
D:\신중은\DirectX_1\External\Include\Engine\CDevice.h(16,41): error C2238: ';' 앞에 예기치 않은 토큰이 있습니다.
D:\신중은\DirectX_1\External\Include\Engine\CDevice.h(17,11): error C2143: 구문 오류: ';'이(가) '<' 앞에 없습니다.
D:\신중은\DirectX_1\External\Include\Engine\CDevice.h(17,11): error C4430: 형식 지정자가 없습니다. int로 가정합니다. 참고: C++에서는 기본 int를 지원하지 않습니다.
D:\신중은\DirectX_1\External\Include\Engine\CDevice.h(17,36): error C2238: ';' 앞에 예기치 않은 토큰이 있습니다.
D:\신중은\DirectX_1\External\Include\Engine\CDevice.h(18,11): error C2143: 구문 오류: ';'이(가) '<' 앞에 없습니다.
D:\신중은\DirectX_1\External\Include\Engine\CDevice.h(18,11): error C4430: 형식 지정자가 없습니다. int로 가정합니다. 참고: C++에서는 기본 int를 지원하지 않습니다.
D:\신중은\DirectX_1\External\Include\Engine\CDevice.h(18,41): error C2238: ';' 앞에 예기치 않은 토큰이 있습니다.
D:\신중은\DirectX_1\External\Include\Engine\CDevice.h(20,20): error C3646: 'm_ViewPort': 알 수 없는 재정의 지정자입니다.
D:\신중은\DirectX_1\External\Include\Engine\CDevice.h(20,30): error C4430: 형식 지정자가 없습니다. int로 가정합니다. 참고: C++에서는 기본 int를 지원하지 않습니다.
D:\신중은\DirectX_1\External\Include\Engine\CDevice.h(28,17): error C2143: 구문 오류: ';'이(가) '*' 앞에 없습니다.
D:\신중은\DirectX_1\External\Include\Engine\CDevice.h(28,17): error C4430: 형식 지정자가 없습니다. int로 가정합니다. 참고: C++에서는 기본 int를 지원하지 않습니다.
D:\신중은\DirectX_1\External\Include\Engine\CDevice.h(28,32): error C2334: '{' 앞에 예기치 않은 토큰이 있습니다. 명백한 함수 본문을 건너뜁니다.
D:\신중은\DirectX_1\External\Include\Engine\CDevice.h(29,24): error C2143: 구문 오류: ';'이(가) '*' 앞에 없습니다.
D:\신중은\DirectX_1\External\Include\Engine\CDevice.h(29,24): error C4430: 형식 지정자가 없습니다. int로 가정합니다. 참고: C++에서는 기본 int를 지원하지 않습니다.
D:\신중은\DirectX_1\External\Include\Engine\CDevice.h(29,40): error C2334: '{' 앞에 예기치 않은 토큰이 있습니다. 명백한 함수 본문을 건너뜁니다.
D:\신중은\DirectX_1\External\Include\Engine\CDevice.h(25,22): error C2065: 'm_SwapChain': 선언되지 않은 식별자입니다.
D:\신중은\DirectX_1\External\Include\Engine\struct.h(5,7): error C3646: 'vPosition': 알 수 없는 재정의 지정자입니다.
D:\신중은\DirectX_1\External\Include\Engine\struct.h(5,16): error C4430: 형식 지정자가 없습니다. int로 가정합니다. 참고: C++에서는 기본 int를 지원하지 않습니다.
D:\신중은\DirectX_1\External\Include\Engine\struct.h(6,7): error C3646: 'vColor': 알 수 없는 재정의 지정자입니다.
D:\신중은\DirectX_1\External\Include\Engine\struct.h(6,13): error C4430: 형식 지정자가 없습니다. int로 가정합니다. 참고: C++에서는 기본 int를 지원하지 않습니다.
D:\신중은\DirectX_1\External\Include\Engine\CEngine.h(9,10): error C3646: 'm_vResolution': 알 수 없는 재정의 지정자입니다.
D:\신중은\DirectX_1\External\Include\Engine\CEngine.h(9,23): error C4430: 형식 지정자가 없습니다. int로 가정합니다. 참고: C++에서는 기본 int를 지원하지 않습니다.
D:\신중은\DirectX_1\External\Include\Engine\CEngine.h(12,10): error C3646: 'GetWindowResolution': 알 수 없는 재정의 지정자입니다.
D:\신중은\DirectX_1\External\Include\Engine\CEngine.h(12,29): error C2059: 구문 오류: '('
D:\신중은\DirectX_1\External\Include\Engine\CEngine.h(12,32): error C2334: '{' 앞에 예기치 않은 토큰이 있습니다. 명백한 함수 본문을 건너뜁니다.
